SF:lib/src/features/todos/models/todo.dart
DA:5,6
DA:12,2
DA:14,0
DA:15,0
DA:16,0
DA:17,0
DA:18,0
DA:19,0
DA:20,0
DA:31,0
DA:32,0
DA:33,0
DA:34,0
DA:35,0
DA:36,0
DA:37,0
DA:41,2
DA:47,2
DA:48,2
DA:49,2
DA:50,0
DA:51,2
DA:52,2
DA:53,2
LF:24
LH:9
end_of_record
SF:lib/src/features/authentication/model/user_model.dart
DA:5,9
DA:17,0
DA:20,0
DA:21,0
DA:22,0
DA:23,0
DA:24,0
DA:25,0
DA:27,0
DA:29,0
DA:31,0
DA:33,0
DA:34,0
DA:35,0
DA:36,0
DA:37,0
DA:41,0
DA:47,0
DA:48,0
DA:49,0
DA:50,0
DA:51,0
DA:55,0
DA:56,0
DA:59,0
DA:60,0
DA:61,0
DA:62,0
DA:63,0
DA:64,0
LF:30
LH:1
end_of_record
SF:lib/src/common/internet_connection_checker.dart
DA:4,0
DA:5,0
LF:2
LH:0
end_of_record
SF:lib/src/features/todos/data/todos_datasource.dart
DA:16,0
DA:17,0
DA:19,0
DA:20,0
DA:22,0
DA:23,0
DA:25,0
DA:26,0
DA:30,1
DA:35,1
DA:36,2
DA:38,1
DA:40,2
DA:42,1
DA:44,2
DA:46,1
DA:47,2
LF:17
LH:9
end_of_record
SF:lib/src/features/todos/data/todos_repository.dart
DA:17,4
DA:29,4
DA:34,8
DA:38,3
DA:43,6
DA:47,3
DA:52,6
DA:56,2
DA:61,4
LF:9
LH:9
end_of_record
SF:lib/src/common/database/database_helpers/todos_database_helper.dart
DA:6,2
DA:15,2
DA:16,4
DA:17,4
DA:18,10
DA:21,2
DA:22,4
DA:23,2
DA:24,2
DA:25,2
DA:26,2
DA:27,2
DA:30,2
DA:33,2
DA:34,2
DA:35,6
DA:36,2
DA:37,2
DA:38,2
DA:39,2
DA:40,2
DA:41,2
DA:42,2
DA:49,1
DA:50,2
DA:51,2
DA:52,6
DA:53,1
DA:54,1
DA:55,1
DA:56,1
DA:57,1
DA:58,1
DA:65,1
DA:66,2
DA:67,2
DA:68,5
LF:37
LH:37
end_of_record
SF:lib/src/common/database/app_database.g.dart
DA:11,3
DA:14,4
DA:16,2
DA:23,4
DA:25,2
DA:32,4
DA:34,2
DA:38,2
DA:44,4
DA:46,2
DA:55,4
DA:57,2
DA:62,2
DA:63,12
DA:64,2
DA:65,4
DA:66,2
DA:69,2
DA:74,2
DA:75,2
DA:76,2
DA:77,8
DA:79,0
DA:81,2
DA:82,2
DA:84,6
DA:87,0
DA:89,2
DA:90,2
DA:92,6
DA:95,0
DA:97,2
DA:98,2
DA:100,6
DA:103,2
DA:104,2
DA:106,6
DA:109,0
DA:114,2
DA:116,2
DA:118,0
DA:119,2
DA:120,6
DA:122,4
DA:124,6
DA:126,4
DA:128,6
DA:130,4
DA:132,6
DA:134,4
DA:136,6
DA:138,4
DA:143,0
DA:145,0
DA:155,2
DA:162,2
DA:164,2
DA:165,6
DA:166,6
DA:167,6
DA:168,2
DA:169,6
DA:171,6
DA:175,0
DA:176,0
DA:177,0
DA:178,0
DA:179,0
DA:180,0
DA:182,0
DA:183,0
DA:187,0
DA:191,0
DA:192,0
DA:193,0
DA:194,0
DA:195,0
DA:196,0
DA:197,0
DA:200,0
DA:202,0
DA:203,0
DA:204,0
DA:205,0
DA:206,0
DA:207,0
DA:208,0
DA:212,0
DA:218,0
DA:219,0
DA:220,0
DA:221,0
DA:222,0
DA:223,0
DA:225,0
DA:226,0
DA:227,0
DA:228,0
DA:229,0
DA:230,0
DA:231,0
DA:235,0
DA:237,0
DA:238,0
DA:239,0
DA:240,0
DA:241,0
DA:242,0
DA:243,0
DA:244,0
DA:247,0
DA:248,0
DA:249,0
DA:252,0
DA:253,0
DA:254,0
DA:255,0
DA:256,0
DA:257,0
DA:267,0
DA:275,0
DA:282,0
DA:283,0
DA:284,0
DA:285,0
DA:286,0
DA:294,0
DA:295,0
DA:296,0
DA:297,0
DA:298,0
DA:299,0
DA:300,0
DA:304,0
DA:312,0
DA:313,0
DA:314,0
DA:315,0
DA:316,0
DA:317,0
DA:318,0
DA:322,0
DA:324,0
DA:325,0
DA:326,0
DA:328,0
DA:329,0
DA:331,0
DA:332,0
DA:334,0
DA:335,0
DA:337,0
DA:338,0
DA:340,0
DA:341,0
DA:346,0
DA:348,0
DA:349,0
DA:350,0
DA:351,0
DA:352,0
DA:353,0
DA:354,0
DA:355,0
DA:356,0
DA:365,3
DA:368,4
DA:370,2
DA:375,2
DA:381,4
DA:383,2
DA:390,4
DA:392,2
DA:401,4
DA:403,2
DA:408,2
DA:409,10
DA:410,2
DA:411,4
DA:412,2
DA:415,1
DA:420,1
DA:421,1
DA:422,1
DA:423,0
DA:425,1
DA:426,1
DA:428,3
DA:431,0
DA:433,1
DA:434,1
DA:436,3
DA:439,0
DA:441,1
DA:442,1
DA:444,3
DA:450,2
DA:451,2
DA:452,1
DA:454,0
DA:455,1
DA:456,3
DA:458,2
DA:460,3
DA:462,2
DA:464,3
DA:466,2
DA:468,3
DA:470,2
DA:475,0
DA:477,0
DA:486,1
DA:492,0
DA:494,0
DA:495,0
DA:496,0
DA:497,0
DA:498,0
DA:499,0
DA:504,0
DA:505,0
DA:506,0
DA:507,0
DA:508,0
DA:509,0
DA:511,0
DA:515,0
DA:519,0
DA:520,0
DA:521,0
DA:522,0
DA:523,0
DA:524,0
DA:527,0
DA:529,0
DA:530,0
DA:531,0
DA:532,0
DA:533,0
DA:534,0
DA:538,0
DA:543,0
DA:544,0
DA:545,0
DA:546,0
DA:547,0
DA:549,0
DA:550,0
DA:551,0
DA:552,0
DA:553,0
DA:554,0
DA:558,0
DA:560,0
DA:561,0
DA:562,0
DA:563,0
DA:564,0
DA:565,0
DA:566,0
DA:569,0
DA:570,0
DA:571,0
DA:574,0
DA:575,0
DA:576,0
DA:577,0
DA:578,0
DA:586,1
DA:592,0
DA:597,0
DA:598,0
DA:599,0
DA:605,0
DA:606,0
DA:607,0
DA:608,0
DA:609,0
DA:613,0
DA:619,0
DA:620,0
DA:621,0
DA:622,0
DA:623,0
DA:627,1
DA:629,1
DA:630,2
DA:631,0
DA:633,2
DA:634,4
DA:636,2
DA:637,4
DA:639,2
DA:640,4
DA:645,0
DA:647,0
DA:648,0
DA:649,0
DA:650,0
DA:651,0
DA:652,0
DA:653,0
DA:658,6
DA:659,0
DA:660,6
DA:661,6
DA:662,1
DA:664,2
DA:665,3
DA:666,9
DA:690,0
DA:697,0
DA:698,0
DA:699,0
DA:702,0
DA:703,0
DA:704,0
DA:707,0
DA:708,0
DA:709,0
DA:712,0
DA:713,0
DA:714,0
DA:717,0
DA:718,0
DA:719,0
DA:725,0
DA:732,0
DA:733,0
DA:734,0
DA:737,0
DA:738,0
DA:739,0
DA:742,0
DA:743,0
DA:744,0
DA:747,0
DA:748,0
DA:749,0
DA:752,0
DA:753,0
DA:754,0
DA:760,0
DA:767,0
DA:768,0
DA:770,0
DA:771,0
DA:773,0
DA:774,0
DA:776,0
DA:777,0
DA:779,0
DA:780,0
DA:801,0
DA:802,0
DA:803,0
DA:806,0
DA:807,0
DA:808,0
DA:809,0
DA:810,0
DA:811,0
DA:813,0
DA:820,0
DA:829,0
DA:836,0
DA:844,0
DA:845,0
DA:846,0
DA:886,0
DA:893,0
DA:894,0
DA:895,0
DA:898,0
DA:899,0
DA:900,0
DA:903,0
DA:904,0
DA:905,0
DA:908,0
DA:909,0
DA:910,0
DA:916,0
DA:923,0
DA:924,0
DA:925,0
DA:928,0
DA:929,0
DA:930,0
DA:933,0
DA:934,0
DA:935,0
DA:938,0
DA:939,0
DA:940,0
DA:946,0
DA:953,0
DA:954,0
DA:956,0
DA:957,0
DA:959,0
DA:960,0
DA:962,0
DA:963,0
DA:984,0
DA:985,0
DA:986,0
DA:989,0
DA:990,0
DA:991,0
DA:992,0
DA:993,0
DA:994,0
DA:996,0
DA:1001,0
DA:1008,0
DA:1013,0
DA:1019,0
DA:1020,0
DA:1021,0
DA:1047,0
DA:1048,0
DA:1049,0
DA:1050,0
DA:1051,0
LF:425
LH:114
end_of_record
SF:lib/src/common/database/app_database.dart
DA:12,3
DA:14,0
DA:15,0
DA:16,0
DA:18,0
DA:19,0
DA:20,0
DA:21,0
DA:26,3
DA:29,3
DA:31,3
DA:32,4
DA:33,3
DA:34,1
DA:35,2
DA:37,1
DA:38,1
DA:39,1
DA:40,2
LF:19
LH:12
end_of_record
SF:lib/src/common/database/tables/todo_table.dart
DA:4,0
DA:6,0
DA:8,0
DA:10,0
DA:12,0
LF:5
LH:0
end_of_record
SF:lib/src/common/database/tables/user_table.dart
DA:4,0
DA:6,0
DA:8,0
DA:10,0
LF:4
LH:0
end_of_record
SF:lib/src/common/database/app_database.steps.dart
DA:8,2
DA:22,2
DA:23,1
DA:27,1
DA:28,1
DA:29,1
DA:36,0
DA:37,0
DA:38,0
DA:39,0
DA:40,0
DA:41,0
DA:42,0
DA:43,0
DA:44,0
DA:47,1
DA:48,1
DA:54,1
DA:55,1
DA:61,1
DA:62,1
DA:67,1
DA:71,1
DA:72,1
DA:80,2
DA:81,0
DA:82,0
DA:83,0
DA:84,0
DA:85,0
DA:86,0
DA:87,0
DA:88,0
DA:91,1
DA:92,1
DA:98,1
DA:102,1
DA:103,1
DA:109,1
DA:110,1
DA:116,1
DA:117,1
DA:125,2
DA:128,2
DA:129,1
DA:133,1
DA:134,1
DA:135,1
DA:153,2
DA:154,0
DA:155,0
DA:156,0
DA:157,0
DA:158,0
DA:159,0
DA:160,1
DA:161,2
DA:162,0
DA:163,0
DA:166,1
DA:167,1
DA:173,3
DA:177,1
DA:179,1
DA:180,1
DA:181,1
DA:182,1
DA:184,1
DA:185,1
DA:186,1
DA:187,1
DA:190,0
DA:195,3
DA:198,3
DA:199,3
LF:75
LH:49
end_of_record
SF:lib/src/features/todos/bloc/todos_event.dart
DA:4,3
DA:17,3
DA:23,2
DA:29,2
DA:35,1
LF:5
LH:5
end_of_record
SF:lib/src/features/todos/bloc/todos_state.dart
DA:4,3
DA:17,2
DA:18,2
DA:19,6
DA:25,3
DA:29,3
DA:33,2
DA:37,2
LF:8
LH:8
end_of_record
SF:lib/src/features/todos/bloc/todos_bloc.dart
DA:12,3
DA:18,6
DA:21,3
DA:22,3
DA:23,6
DA:24,4
DA:25,4
DA:26,2
DA:34,3
DA:36,6
DA:38,12
DA:40,8
DA:42,6
DA:44,4
DA:45,2
DA:49,2
DA:53,4
DA:54,2
DA:57,2
DA:58,2
DA:60,4
DA:61,2
DA:64,4
DA:67,4
DA:69,2
DA:71,6
DA:74,2
DA:75,1
DA:79,2
DA:83,4
DA:86,8
DA:89,2
DA:91,4
DA:93,12
DA:95,6
DA:98,2
DA:99,1
DA:103,1
DA:107,2
DA:110,4
DA:112,2
DA:115,1
DA:117,2
DA:119,5
DA:121,2
DA:122,1
DA:123,3
DA:127,2
DA:128,1
LF:49
LH:49
end_of_record
SF:lib/src/common/database/database_helpers/user_database_helper.dart
DA:6,1
DA:10,1
DA:15,4
DA:16,7
DA:19,4
DA:22,1
DA:25,0
DA:26,0
DA:27,0
DA:28,0
DA:29,0
DA:33,1
DA:34,1
DA:35,1
DA:36,1
DA:39,1
DA:40,3
DA:41,1
DA:43,1
DA:44,1
DA:45,1
DA:46,1
DA:47,1
DA:51,1
DA:52,2
DA:53,2
DA:54,5
DA:55,2
DA:56,2
DA:57,5
LF:30
LH:25
end_of_record
SF:lib/src/features/authentication/bloc/authentication_state.dart
DA:4,3
DA:18,2
DA:22,2
DA:26,1
DA:30,3
LF:5
LH:5
end_of_record
SF:lib/src/features/authentication/bloc/authentication_event.dart
DA:4,2
DA:19,2
DA:31,1
DA:35,1
LF:4
LH:4
end_of_record
SF:lib/src/features/authentication/bloc/authentication_bloc.dart
DA:12,3
DA:18,5
DA:20,3
DA:21,2
DA:22,4
DA:26,1
DA:27,1
DA:28,2
DA:39,2
DA:44,4
DA:46,4
DA:47,2
DA:48,2
DA:49,2
DA:53,4
DA:55,2
DA:58,2
DA:59,1
DA:63,1
DA:68,2
DA:70,1
DA:72,2
DA:73,2
DA:77,2
DA:79,2
DA:82,0
DA:83,0
DA:87,1
DA:92,2
DA:94,1
DA:96,2
DA:97,2
DA:101,2
DA:103,2
DA:106,0
DA:107,0
LF:36
LH:32
end_of_record
SF:lib/src/features/authentication/data/authentication_repository.dart
DA:19,4
DA:31,3
DA:40,6
DA:48,2
DA:53,4
DA:57,2
DA:62,4
LF:7
LH:7
end_of_record
SF:lib/src/features/authentication/data/authentication_datasource.dart
DA:19,0
DA:24,0
DA:26,0
DA:27,0
DA:29,0
DA:30,0
DA:34,1
DA:40,1
DA:45,2
DA:51,1
DA:52,2
DA:54,1
DA:56,1
LF:13
LH:7
end_of_record
SF:lib/src/features/authentication/widgets/authentication_widget.dart
DA:8,1
DA:10,1
DA:11,1
DA:21,1
DA:23,1
DA:24,2
DA:25,2
DA:28,1
DA:30,2
DA:31,2
DA:32,2
DA:33,1
DA:36,1
DA:38,1
DA:39,2
DA:40,1
DA:41,1
DA:42,1
DA:43,1
DA:44,1
DA:46,1
DA:47,3
DA:49,1
DA:53,1
DA:54,1
DA:55,1
DA:57,2
DA:58,1
DA:60,1
DA:61,1
DA:62,1
DA:63,1
DA:64,1
DA:65,1
DA:67,1
DA:68,1
DA:69,1
DA:70,1
DA:72,1
DA:73,1
DA:74,1
DA:76,1
DA:77,1
DA:78,1
DA:79,3
DA:80,3
DA:81,3
DA:83,2
DA:84,0
DA:85,0
DA:86,0
DA:94,2
DA:95,1
DA:98,1
DA:102,1
DA:108,1
DA:109,0
DA:111,1
DA:112,0
DA:113,0
DA:114,0
DA:115,0
DA:119,2
DA:120,2
LF:64
LH:56
end_of_record
SF:lib/src/features/initialization/widget/dependencies_scope.dart
DA:5,2
DA:11,2
DA:13,2
DA:14,2
DA:15,2
DA:16,2
DA:17,2
DA:22,0
LF:8
LH:7
end_of_record
SF:lib/src/features/todos/widgets/todos_widget.dart
DA:11,2
DA:15,2
DA:16,2
DA:24,2
DA:26,2
DA:27,4
DA:28,4
DA:29,4
DA:30,2
DA:31,2
DA:33,10
DA:36,2
DA:38,4
DA:39,4
DA:40,2
DA:43,2
DA:45,2
DA:46,2
DA:49,2
DA:51,2
DA:53,2
DA:54,2
DA:55,2
DA:56,0
DA:57,0
DA:58,0
DA:59,0
DA:61,0
DA:62,0
DA:64,0
DA:68,2
DA:70,2
DA:71,2
DA:72,0
DA:73,0
DA:75,2
DA:77,0
DA:78,0
DA:80,0
DA:83,0
DA:87,0
DA:93,2
DA:94,2
DA:95,2
DA:96,2
DA:97,0
DA:98,0
DA:99,2
DA:100,2
DA:101,2
DA:103,2
DA:104,2
DA:105,2
DA:106,2
DA:107,2
DA:108,2
DA:109,2
DA:110,2
DA:115,2
DA:116,2
DA:117,1
DA:118,4
DA:119,2
DA:120,3
DA:122,2
DA:124,2
DA:131,4
DA:134,4
DA:135,4
DA:137,3
DA:138,2
DA:140,3
DA:141,1
DA:142,1
DA:143,0
DA:144,0
DA:146,1
DA:150,2
DA:151,0
DA:152,2
DA:153,1
DA:154,2
DA:155,1
DA:156,3
DA:158,1
DA:163,4
DA:164,2
DA:166,2
DA:167,2
DA:168,4
DA:169,2
LF:91
LH:72
end_of_record
SF:lib/src/features/initialization/model/dependency_container.dart
DA:9,0
DA:28,0
DA:30,0
LF:3
LH:0
end_of_record
SF:lib/src/features/todos/widgets/todo_widget.dart
DA:6,1
DA:11,1
DA:13,1
DA:15,1
DA:16,1
DA:17,1
DA:18,1
DA:20,1
DA:21,1
DA:22,1
DA:23,1
DA:24,1
DA:25,2
DA:26,0
DA:27,0
DA:30,4
DA:31,1
DA:32,4
DA:33,1
DA:34,4
DA:36,1
LF:21
LH:19
end_of_record
